2021-09-21 21:49:42 - Starting C:\Program Files\nodejs\node.exe  --harmony C:\Users\Administrador.WIN-558CN09M9BC\AppData\Roaming\npm\node_modules\qckwinsvc\node_modules\node-windows\lib\wrapper.js --file E:\Bips_back\server.js --log "ServicioBips wrapper" --grow 0.25 --wait 1 --maxrestarts 3 --abortonerror n --stopparentfirst undefined
2021-09-21 21:49:42 - Started 5996
2021-09-22 07:09:06 - Stopping serviciobips.exe
2021-09-22 07:09:06 - ProcessKill 5996
2021-09-22 07:09:06 - Found child process: 3200 Name: conhost.exe
2021-09-22 07:09:06 - Found child process: 10272 Name: node.exe
2021-09-22 07:09:06 - Stopping process 3200
2021-09-22 07:09:06 - Send SIGINT 3200
2021-09-22 07:09:06 - SIGINT to 3200 failed - Killing as fallback
2021-09-22 07:09:06 - Stopping process 10272
2021-09-22 07:09:06 - Send SIGINT 10272
2021-09-22 07:09:06 - SIGINT to 10272 failed - Killing as fallback
2021-09-22 07:09:06 - Stopping process 5996
2021-09-22 07:09:06 - Send SIGINT 5996
2021-09-22 07:09:06 - SIGINT to 5996 failed - Killing as fallback
2021-09-22 07:09:06 - Finished serviciobips.exe
2021-09-22 11:53:29 - Starting C:\Program Files\nodejs\node.exe  --harmony C:\Users\Administrador.WIN-558CN09M9BC\AppData\Roaming\npm\node_modules\qckwinsvc\node_modules\node-windows\lib\wrapper.js --file E:\Bips_back\server.js --log "ServicioBips wrapper" --grow 0.25 --wait 1 --maxrestarts 3 --abortonerror n --stopparentfirst undefined
2021-09-22 11:53:30 - Started 3300
2021-09-22 18:02:26 - Stopping serviciobips.exe
2021-09-22 18:02:26 - ProcessKill 3300
2021-09-22 18:02:26 - Found child process: 11300 Name: conhost.exe
2021-09-22 18:02:26 - Found child process: 3280 Name: node.exe
2021-09-22 18:02:27 - Stopping process 11300
2021-09-22 18:02:27 - Send SIGINT 11300
2021-09-22 18:02:27 - SIGINT to 11300 failed - Killing as fallback
2021-09-22 18:02:27 - Stopping process 3280
2021-09-22 18:02:27 - Send SIGINT 3280
2021-09-22 18:02:27 - SIGINT to 3280 failed - Killing as fallback
2021-09-22 18:02:27 - Stopping process 3300
2021-09-22 18:02:27 - Send SIGINT 3300
2021-09-22 18:02:27 - SIGINT to 3300 failed - Killing as fallback
2021-09-22 18:02:27 - Finished serviciobips.exe
2021-09-22 18:02:28 - Starting C:\Program Files\nodejs\node.exe  --harmony C:\Users\Administrador.WIN-558CN09M9BC\AppData\Roaming\npm\node_modules\qckwinsvc\node_modules\node-windows\lib\wrapper.js --file E:\Bips_back\server.js --log "ServicioBips wrapper" --grow 0.25 --wait 1 --maxrestarts 3 --abortonerror n --stopparentfirst undefined
2021-09-22 18:02:28 - Started 11968
2021-09-22 20:24:02 - Stopping serviciobips.exe
2021-09-22 20:24:02 - ProcessKill 11968
2021-09-22 20:24:02 - Found child process: 12604 Name: conhost.exe
2021-09-22 20:24:02 - Found child process: 12124 Name: node.exe
2021-09-22 20:24:02 - Stopping process 12604
2021-09-22 20:24:02 - Send SIGINT 12604
2021-09-22 20:24:02 - SIGINT to 12604 failed - Killing as fallback
2021-09-22 20:24:02 - Stopping process 12124
2021-09-22 20:24:02 - Send SIGINT 12124
2021-09-22 20:24:02 - SIGINT to 12124 failed - Killing as fallback
2021-09-22 20:24:02 - Stopping process 11968
2021-09-22 20:24:02 - Send SIGINT 11968
2021-09-22 20:24:02 - SIGINT to 11968 failed - Killing as fallback
2021-09-22 20:24:02 - Finished serviciobips.exe
2021-09-22 20:24:04 - Starting C:\Program Files\nodejs\node.exe  --harmony C:\Users\Administrador.WIN-558CN09M9BC\AppData\Roaming\npm\node_modules\qckwinsvc\node_modules\node-windows\lib\wrapper.js --file E:\Bips_back\server.js --log "ServicioBips wrapper" --grow 0.25 --wait 1 --maxrestarts 3 --abortonerror n --stopparentfirst undefined
2021-09-22 20:24:05 - Started 9896
2021-09-22 20:31:26 - Stopping serviciobips.exe
2021-09-22 20:31:26 - ProcessKill 9896
2021-09-22 20:31:27 - Found child process: 7840 Name: conhost.exe
2021-09-22 20:31:27 - Found child process: 12504 Name: node.exe
2021-09-22 20:31:27 - Stopping process 7840
2021-09-22 20:31:27 - Send SIGINT 7840
2021-09-22 20:31:27 - SIGINT to 7840 failed - Killing as fallback
2021-09-22 20:31:27 - Stopping process 12504
2021-09-22 20:31:27 - Send SIGINT 12504
2021-09-22 20:31:27 - SIGINT to 12504 failed - Killing as fallback
2021-09-22 20:31:27 - Stopping process 9896
2021-09-22 20:31:27 - Send SIGINT 9896
2021-09-22 20:31:27 - SIGINT to 9896 failed - Killing as fallback
2021-09-22 20:31:27 - Finished serviciobips.exe
2021-09-24 08:31:25 - Starting C:\Program Files\nodejs\node.exe  --harmony C:\Users\Administrador.WIN-558CN09M9BC\AppData\Roaming\npm\node_modules\qckwinsvc\node_modules\node-windows\lib\wrapper.js --file E:\Bips_back\server.js --log "ServicioBips wrapper" --grow 0.25 --wait 1 --maxrestarts 3 --abortonerror n --stopparentfirst undefined
2021-09-27 22:10:54 - Starting C:\Program Files\nodejs\node.exe  --harmony C:\Users\Administrador.WIN-558CN09M9BC\AppData\Roaming\npm\node_modules\qckwinsvc\node_modules\node-windows\lib\wrapper.js --file E:\Bips_back\server.js --log "ServicioBips wrapper" --grow 0.25 --wait 1 --maxrestarts 3 --abortonerror n --stopparentfirst undefined
2021-09-27 22:10:55 - Started 5912
2021-09-29 21:19:13 - Stopping serviciobips.exe
2021-09-29 21:19:13 - ProcessKill 5912
2021-09-29 21:19:14 - Found child process: 2416 Name: conhost.exe
2021-09-29 21:19:14 - Found child process: 160 Name: node.exe
2021-09-29 21:19:14 - Stopping process 2416
2021-09-29 21:19:14 - Send SIGINT 2416
2021-09-29 21:19:14 - SIGINT to 2416 failed - Killing as fallback
2021-09-29 21:19:14 - Stopping process 160
2021-09-29 21:19:14 - Send SIGINT 160
2021-09-29 21:19:14 - SIGINT to 160 failed - Killing as fallback
2021-09-29 21:19:14 - Stopping process 5912
2021-09-29 21:19:14 - Send SIGINT 5912
2021-09-29 21:19:14 - SIGINT to 5912 failed - Killing as fallback
2021-09-29 21:19:14 - Finished serviciobips.exe
2021-10-01 11:29:23 - Starting C:\Program Files\nodejs\node.exe  --harmony C:\Users\Administrador.WIN-558CN09M9BC\AppData\Roaming\npm\node_modules\qckwinsvc\node_modules\node-windows\lib\wrapper.js --file E:\Bips_back\server.js --log "ServicioBips wrapper" --grow 0.25 --wait 1 --maxrestarts 3 --abortonerror n --stopparentfirst undefined
2021-10-07 13:42:04 - Starting C:\Program Files\nodejs\node.exe  --harmony C:\Users\Administrador.WIN-558CN09M9BC\AppData\Roaming\npm\node_modules\qckwinsvc\node_modules\node-windows\lib\wrapper.js --file E:\Bips_back\server.js --log "ServicioBips wrapper" --grow 0.25 --wait 1 --maxrestarts 3 --abortonerror n --stopparentfirst undefined
2021-10-07 13:42:05 - Started 3984
2021-10-07 17:06:28 - Stopping serviciobips.exe
2021-10-07 17:06:28 - ProcessKill 3984
2021-10-07 17:06:28 - Found child process: 4004 Name: conhost.exe
2021-10-07 17:06:28 - Found child process: 4744 Name: node.exe
2021-10-07 17:06:28 - Stopping process 4004
2021-10-07 17:06:28 - Send SIGINT 4004
2021-10-07 17:06:28 - SIGINT to 4004 failed - Killing as fallback
2021-10-07 17:06:29 - Stopping process 4744
2021-10-07 17:06:29 - Send SIGINT 4744
2021-10-07 17:06:29 - SIGINT to 4744 failed - Killing as fallback
2021-10-07 17:06:29 - Stopping process 3984
2021-10-07 17:06:29 - Send SIGINT 3984
2021-10-07 17:06:29 - SIGINT to 3984 failed - Killing as fallback
2021-10-07 17:06:29 - Finished serviciobips.exe
2021-10-07 22:37:36 - Starting C:\Program Files\nodejs\node.exe  --harmony C:\Users\Administrador.WIN-558CN09M9BC\AppData\Roaming\npm\node_modules\qckwinsvc\node_modules\node-windows\lib\wrapper.js --file E:\Bips_back\server.js --log "ServicioBips wrapper" --grow 0.25 --wait 1 --maxrestarts 3 --abortonerror n --stopparentfirst undefined
2021-10-07 22:37:36 - Started 4048
2021-10-07 17:54:04 - Stopping serviciobips.exe
2021-10-07 17:54:04 - ProcessKill 4048
2021-10-07 17:54:04 - Found child process: 4056 Name: conhost.exe
2021-10-07 17:54:04 - Found child process: 4700 Name: node.exe
2021-10-07 17:54:04 - Stopping process 4056
2021-10-07 17:54:04 - Send SIGINT 4056
2021-10-07 17:54:04 - SIGINT to 4056 failed - Killing as fallback
2021-10-07 17:54:04 - Stopping process 4700
2021-10-07 17:54:04 - Send SIGINT 4700
2021-10-07 17:54:04 - SIGINT to 4700 failed - Killing as fallback
2021-10-07 17:54:04 - Stopping process 4048
2021-10-07 17:54:04 - Send SIGINT 4048
2021-10-07 17:54:04 - SIGINT to 4048 failed - Killing as fallback
2021-10-07 17:54:04 - Finished serviciobips.exe
2021-10-08 23:47:15 - Starting C:\Program Files\nodejs\node.exe  --harmony C:\Users\Administrador.WIN-558CN09M9BC\AppData\Roaming\npm\node_modules\qckwinsvc\node_modules\node-windows\lib\wrapper.js --file E:\Bips_back\server.js --log "ServicioBips wrapper" --grow 0.25 --wait 1 --maxrestarts 3 --abortonerror n --stopparentfirst undefined
2021-10-08 23:47:16 - Started 3904
2021-10-08 18:52:45 - Stopping serviciobips.exe
2021-10-08 18:52:45 - ProcessKill 3904
2021-10-08 18:52:46 - Found child process: 3924 Name: conhost.exe
2021-10-08 18:52:46 - Found child process: 2820 Name: node.exe
2021-10-08 18:52:46 - Stopping process 3924
2021-10-08 18:52:46 - Send SIGINT 3924
2021-10-08 18:52:46 - SIGINT to 3924 failed - Killing as fallback
2021-10-08 18:52:46 - Stopping process 2820
2021-10-08 18:52:46 - Send SIGINT 2820
2021-10-08 18:52:46 - SIGINT to 2820 failed - Killing as fallback
2021-10-08 18:52:46 - Stopping process 3904
2021-10-08 18:52:46 - Send SIGINT 3904
2021-10-08 18:52:46 - SIGINT to 3904 failed - Killing as fallback
2021-10-08 18:52:46 - Finished serviciobips.exe
2021-10-13 05:21:53 - Starting C:\Program Files\nodejs\node.exe  --harmony C:\Users\Administrador.WIN-558CN09M9BC\AppData\Roaming\npm\node_modules\qckwinsvc\node_modules\node-windows\lib\wrapper.js --file E:\Bips_back\server.js --log "ServicioBips wrapper" --grow 0.25 --wait 1 --maxrestarts 3 --abortonerror n --stopparentfirst undefined
2021-10-13 05:21:53 - Started 4084
2021-10-13 18:34:36 - Starting C:\Program Files\nodejs\node.exe  --harmony C:\Users\Administrador.WIN-558CN09M9BC\AppData\Roaming\npm\node_modules\qckwinsvc\node_modules\node-windows\lib\wrapper.js --file E:\Bips_back\server.js --log "ServicioBips wrapper" --grow 0.25 --wait 1 --maxrestarts 3 --abortonerror n --stopparentfirst undefined
2021-10-13 18:34:39 - Started 3948
2021-10-13 13:42:29 - Stopping serviciobips.exe
2021-10-13 13:42:29 - ProcessKill 3948
2021-10-13 13:42:30 - Found child process: 3960 Name: conhost.exe
2021-10-13 13:42:30 - Found child process: 2796 Name: node.exe
2021-10-13 13:42:30 - Stopping process 3960
2021-10-13 13:42:30 - Send SIGINT 3960
2021-10-13 13:42:30 - SIGINT to 3960 failed - Killing as fallback
2021-10-13 13:42:30 - Stopping process 2796
2021-10-13 13:42:30 - Send SIGINT 2796
2021-10-13 13:42:30 - SIGINT to 2796 failed - Killing as fallback
2021-10-13 13:42:30 - Stopping process 3948
2021-10-13 13:42:30 - Send SIGINT 3948
2021-10-13 13:42:30 - SIGINT to 3948 failed - Killing as fallback
2021-10-13 13:42:30 - Finished serviciobips.exe
2021-10-13 20:56:23 - Starting C:\Program Files\nodejs\node.exe  --harmony C:\Users\Administrador.WIN-558CN09M9BC\AppData\Roaming\npm\node_modules\qckwinsvc\node_modules\node-windows\lib\wrapper.js --file E:\Bips_back\server.js --log "ServicioBips wrapper" --grow 0.25 --wait 1 --maxrestarts 3 --abortonerror n --stopparentfirst undefined
2021-10-13 20:56:23 - Started 3892
2021-10-13 21:05:25 - Starting C:\Program Files\nodejs\node.exe  --harmony C:\Users\Administrador.WIN-558CN09M9BC\AppData\Roaming\npm\node_modules\qckwinsvc\node_modules\node-windows\lib\wrapper.js --file E:\Bips_back\server.js --log "ServicioBips wrapper" --grow 0.25 --wait 1 --maxrestarts 3 --abortonerror n --stopparentfirst undefined
2021-10-13 21:05:25 - Started 3908
2021-10-13 16:06:27 - Stopping serviciobips.exe
2021-10-13 16:06:27 - ProcessKill 3908
2021-10-13 16:06:28 - Shutdown exception
Message:Se está cerrando el sistema. (Excepción de HRESULT: 0x8007045B)
Stacktrace:   en System.Runtime.InteropServices.Marshal.ThrowExceptionForHRInternal(Int32 errorCode, IntPtr errorInfo)
   en System.Management.ManagementScope.InitializeGuts(Object o)
   en System.Management.ManagementScope.Initialize()
   en System.Management.ManagementObjectSearcher.Initialize()
   en System.Management.ManagementObjectSearcher.Get()
   en winsw.WrapperService.GetChildPids(Int32 pid)
   en winsw.WrapperService.StopProcessAndChildren(Int32 pid)
   en winsw.WrapperService.StopIt()
   en winsw.WrapperService.OnShutdown()
2021-10-13 21:08:14 - Starting C:\Program Files\nodejs\node.exe  --harmony C:\Users\Administrador.WIN-558CN09M9BC\AppData\Roaming\npm\node_modules\qckwinsvc\node_modules\node-windows\lib\wrapper.js --file E:\Bips_back\server.js --log "ServicioBips wrapper" --grow 0.25 --wait 1 --maxrestarts 3 --abortonerror n --stopparentfirst undefined
2021-10-13 21:08:17 - Started 4044
2021-10-13 17:06:39 - Stopping serviciobips.exe
2021-10-13 17:06:39 - ProcessKill 4044
2021-10-13 17:06:39 - Found child process: 3880 Name: conhost.exe
2021-10-13 17:06:39 - Found child process: 4404 Name: node.exe
2021-10-13 17:06:40 - Stopping process 3880
2021-10-13 17:06:40 - Send SIGINT 3880
2021-10-13 17:06:40 - SIGINT to 3880 failed - Killing as fallback
2021-10-13 17:06:40 - Stopping process 4404
2021-10-13 17:06:40 - Send SIGINT 4404
2021-10-13 17:06:40 - SIGINT to 4404 failed - Killing as fallback
2021-10-13 17:06:40 - Stopping process 4044
2021-10-13 17:06:40 - Send SIGINT 4044
2021-10-13 17:06:40 - SIGINT to 4044 failed - Killing as fallback
2021-10-13 17:06:40 - Finished serviciobips.exe
