(node:160) UnhandledPromiseRejectionWarning: error: la sintaxis de entrada no es válida para tipo bigint: «»
    at Parser.parseErrorMessage (E:\Bips_back\node_modules\pg-protocol\dist\parser.js:278:15)
    at Parser.handlePacket (E:\Bips_back\node_modules\pg-protocol\dist\parser.js:126:29)
    at Parser.parse (E:\Bips_back\node_modules\pg-protocol\dist\parser.js:39:38)
    at Socket.<anonymous> (E:\Bips_back\node_modules\pg-protocol\dist\index.js:10:42)
    at Socket.emit (events.js:314:20)
    at addChunk (_stream_readable.js:307:12)
    at readableAddChunk (_stream_readable.js:282:9)
    at Socket.Readable.push (_stream_readable.js:221:10)
    at TCP.onStreamRead (internal/stream_base_commons.js:188:23)
(Use `node --trace-warnings ...` to show where the warning was created)
(node:160) UnhandledPromiseRejectionWarning: Unhandled promise rejection. This error originated either by throwing inside of an async function without a catch block, or by rejecting a promise which was not handled with .catch(). To terminate the node process on unhandled promise rejection, use the CLI flag `--unhandled-rejections=strict` (see https://nodejs.org/api/cli.html#cli_unhandled_rejections_mode). (rejection id: 1)
(node:160) [DEP0018] DeprecationWarning: Unhandled promise rejections are deprecated. In the future, promise rejections that are not handled will terminate the Node.js process with a non-zero exit code.
(node:160) UnhandledPromiseRejectionWarning: error: la sintaxis de entrada no es válida para tipo bigint: «»
    at Parser.parseErrorMessage (E:\Bips_back\node_modules\pg-protocol\dist\parser.js:278:15)
    at Parser.handlePacket (E:\Bips_back\node_modules\pg-protocol\dist\parser.js:126:29)
    at Parser.parse (E:\Bips_back\node_modules\pg-protocol\dist\parser.js:39:38)
    at Socket.<anonymous> (E:\Bips_back\node_modules\pg-protocol\dist\index.js:10:42)
    at Socket.emit (events.js:314:20)
    at addChunk (_stream_readable.js:307:12)
    at readableAddChunk (_stream_readable.js:282:9)
    at Socket.Readable.push (_stream_readable.js:221:10)
    at TCP.onStreamRead (internal/stream_base_commons.js:188:23)
(node:160) UnhandledPromiseRejectionWarning: Unhandled promise rejection. This error originated either by throwing inside of an async function without a catch block, or by rejecting a promise which was not handled with .catch(). To terminate the node process on unhandled promise rejection, use the CLI flag `--unhandled-rejections=strict` (see https://nodejs.org/api/cli.html#cli_unhandled_rejections_mode). (rejection id: 2)
